{"C:\\dev\\projetos\\goStack\\nivel_04\\back-end-gobarber\\src\\modules\\appointments\\services\\CreateAppointmentService.ts": {"path":"C:\\dev\\projetos\\goStack\\nivel_04\\back-end-gobarber\\src\\modules\\appointments\\services\\CreateAppointmentService.ts","statementMap":{"0":{"start":{"line":1,"column":0},"end":{"line":1,"column":46}},"1":{"start":{"line":3,"column":0},"end":{"line":3,"column":109}},"2":{"start":{"line":4,"column":0},"end":{"line":4,"column":47}},"3":{"start":{"line":6,"column":0},"end":{"line":6,"column":39}},"4":{"start":{"line":15,"column":0},"end":{"line":15,"column":6}},"5":{"start":{"line":19,"column":12},"end":{"line":19,"column":59}},"6":{"start":{"line":22,"column":15},"end":{"line":34,"column":null}},"7":{"start":{"line":22,"column":25},"end":{"line":22,"column":29}},"8":{"start":{"line":22,"column":31},"end":{"line":22,"column":42}},"9":{"start":{"line":24,"column":10},"end":{"line":24,"column":46}},"10":{"start":{"line":25,"column":38},"end":{"line":25,"column":null}},"11":{"start":{"line":25,"column":10},"end":{"line":25,"column":null}},"12":{"start":{"line":27,"column":4},"end":{"line":29,"column":null}},"13":{"start":{"line":28,"column":6},"end":{"line":28,"column":63}},"14":{"start":{"line":31,"column":10},"end":{"line":31,"column":99}},"15":{"start":{"line":33,"column":4},"end":{"line":33,"column":23}},"16":{"start":{"line":15,"column":6},"end":{"line":36,"column":null}},"17":{"start":{"line":36,"column":0},"end":{"line":36,"column":null}},"18":{"start":{"line":38,"column":0},"end":{"line":38,"column":40}}},"fnMap":{"0":{"name":"(anonymous_18)","decl":{"start":{"line":15,"column":0},"end":{"line":15,"column":6}},"loc":{"start":{"line":15,"column":0},"end":{"line":15,"column":6}}},"1":{"name":"CreateAppointmentService","decl":{"start":{"line":17,"column":2},"end":{"line":17,"column":null}},"loc":{"start":{"line":19,"column":59},"end":{"line":20,"column":7}}},"2":{"name":"(anonymous_20)","decl":{"start":{"line":22,"column":2},"end":{"line":22,"column":15}},"loc":{"start":{"line":22,"column":54},"end":{"line":34,"column":null}}}},"branchMap":{"0":{"loc":{"start":{"line":27,"column":4},"end":{"line":29,"column":null}},"type":"if","locations":[{"start":{"line":27,"column":4},"end":{"line":29,"column":null}},{"start":{"line":27,"column":4},"end":{"line":29,"column":null}}]}},"s":{"0":0,"1":0,"2":0,"3":0,"4":0,"5":0,"6":0,"7":0,"8":0,"9":0,"10":0,"11":0,"12":0,"13":0,"14":0,"15":0,"16":0,"17":0,"18":0},"f":{"0":0,"1":0,"2":0},"b":{"0":[0,0]}}
,"C:\\dev\\projetos\\goStack\\nivel_04\\back-end-gobarber\\src\\modules\\users\\services\\AuthenticateSessionService.ts": {"path":"C:\\dev\\projetos\\goStack\\nivel_04\\back-end-gobarber\\src\\modules\\users\\services\\AuthenticateSessionService.ts","statementMap":{"0":{"start":{"line":3,"column":0},"end":{"line":3,"column":36}},"1":{"start":{"line":4,"column":0},"end":{"line":4,"column":38}},"2":{"start":{"line":5,"column":0},"end":{"line":5,"column":47}},"3":{"start":{"line":7,"column":0},"end":{"line":7,"column":46}},"4":{"start":{"line":8,"column":0},"end":{"line":8,"column":94}},"5":{"start":{"line":21,"column":0},"end":{"line":21,"column":6}},"6":{"start":{"line":25,"column":12},"end":{"line":25,"column":44}},"7":{"start":{"line":28,"column":12},"end":{"line":28,"column":26}},"8":{"start":{"line":31,"column":15},"end":{"line":58,"column":null}},"9":{"start":{"line":31,"column":25},"end":{"line":31,"column":30}},"10":{"start":{"line":31,"column":32},"end":{"line":31,"column":40}},"11":{"start":{"line":33,"column":17},"end":{"line":33,"column":null}},"12":{"start":{"line":33,"column":10},"end":{"line":33,"column":null}},"13":{"start":{"line":35,"column":4},"end":{"line":37,"column":null}},"14":{"start":{"line":36,"column":6},"end":{"line":36,"column":71}},"15":{"start":{"line":40,"column":28},"end":{"line":40,"column":null}},"16":{"start":{"line":40,"column":10},"end":{"line":40,"column":null}},"17":{"start":{"line":42,"column":4},"end":{"line":44,"column":null}},"18":{"start":{"line":43,"column":6},"end":{"line":43,"column":71}},"19":{"start":{"line":46,"column":10},"end":{"line":46,"column":34}},"20":{"start":{"line":48,"column":10},"end":{"line":51,"column":7}},"21":{"start":{"line":53,"column":4},"end":{"line":56,"column":null}},"22":{"start":{"line":21,"column":6},"end":{"line":59,"column":null}},"23":{"start":{"line":59,"column":0},"end":{"line":59,"column":null}},"24":{"start":{"line":61,"column":0},"end":{"line":61,"column":42}}},"fnMap":{"0":{"name":"(anonymous_18)","decl":{"start":{"line":21,"column":0},"end":{"line":21,"column":6}},"loc":{"start":{"line":21,"column":0},"end":{"line":21,"column":6}}},"1":{"name":"AuthenticateSessionService","decl":{"start":{"line":23,"column":2},"end":{"line":23,"column":null}},"loc":{"start":{"line":28,"column":44},"end":{"line":29,"column":7}}},"2":{"name":"(anonymous_20)","decl":{"start":{"line":31,"column":2},"end":{"line":31,"column":15}},"loc":{"start":{"line":31,"column":52},"end":{"line":58,"column":null}}}},"branchMap":{"0":{"loc":{"start":{"line":33,"column":17},"end":{"line":33,"column":null}},"type":"switch","locations":[{"start":{"line":33,"column":17},"end":{"line":33,"column":null}}]},"1":{"loc":{"start":{"line":35,"column":4},"end":{"line":37,"column":null}},"type":"if","locations":[{"start":{"line":35,"column":4},"end":{"line":37,"column":null}},{"start":{"line":35,"column":4},"end":{"line":37,"column":null}}]},"2":{"loc":{"start":{"line":42,"column":4},"end":{"line":44,"column":null}},"type":"if","locations":[{"start":{"line":42,"column":4},"end":{"line":44,"column":null}},{"start":{"line":42,"column":4},"end":{"line":44,"column":null}}]}},"s":{"0":0,"1":0,"2":0,"3":0,"4":0,"5":0,"6":0,"7":0,"8":0,"9":0,"10":0,"11":0,"12":0,"13":0,"14":0,"15":0,"16":0,"17":0,"18":0,"19":0,"20":0,"21":0,"22":0,"23":0,"24":0},"f":{"0":0,"1":0,"2":0},"b":{"0":[0],"1":[0,0],"2":[0,0]}}
,"C:\\dev\\projetos\\goStack\\nivel_04\\back-end-gobarber\\src\\modules\\users\\services\\CreateUserService.ts": {"path":"C:\\dev\\projetos\\goStack\\nivel_04\\back-end-gobarber\\src\\modules\\users\\services\\CreateUserService.ts","statementMap":{"0":{"start":{"line":2,"column":0},"end":{"line":2,"column":47}},"1":{"start":{"line":4,"column":0},"end":{"line":4,"column":46}},"2":{"start":{"line":14,"column":0},"end":{"line":14,"column":6}},"3":{"start":{"line":18,"column":12},"end":{"line":18,"column":44}},"4":{"start":{"line":21,"column":12},"end":{"line":21,"column":38}},"5":{"start":{"line":24,"column":15},"end":{"line":41,"column":null}},"6":{"start":{"line":24,"column":25},"end":{"line":24,"column":29}},"7":{"start":{"line":24,"column":31},"end":{"line":24,"column":36}},"8":{"start":{"line":24,"column":38},"end":{"line":24,"column":46}},"9":{"start":{"line":26,"column":27},"end":{"line":26,"column":null}},"10":{"start":{"line":26,"column":10},"end":{"line":26,"column":null}},"11":{"start":{"line":27,"column":4},"end":{"line":29,"column":null}},"12":{"start":{"line":28,"column":6},"end":{"line":28,"column":62}},"13":{"start":{"line":31,"column":27},"end":{"line":31,"column":null}},"14":{"start":{"line":31,"column":10},"end":{"line":31,"column":null}},"15":{"start":{"line":33,"column":17},"end":{"line":37,"column":null}},"16":{"start":{"line":33,"column":10},"end":{"line":37,"column":null}},"17":{"start":{"line":39,"column":4},"end":{"line":39,"column":16}},"18":{"start":{"line":14,"column":6},"end":{"line":43,"column":null}},"19":{"start":{"line":43,"column":0},"end":{"line":43,"column":null}},"20":{"start":{"line":45,"column":0},"end":{"line":45,"column":33}}},"fnMap":{"0":{"name":"(anonymous_18)","decl":{"start":{"line":14,"column":0},"end":{"line":14,"column":6}},"loc":{"start":{"line":14,"column":0},"end":{"line":14,"column":6}}},"1":{"name":"CreateUserService","decl":{"start":{"line":16,"column":2},"end":{"line":16,"column":null}},"loc":{"start":{"line":21,"column":38},"end":{"line":22,"column":7}}},"2":{"name":"(anonymous_20)","decl":{"start":{"line":24,"column":2},"end":{"line":24,"column":15}},"loc":{"start":{"line":24,"column":58},"end":{"line":41,"column":null}}}},"branchMap":{"0":{"loc":{"start":{"line":26,"column":27},"end":{"line":26,"column":null}},"type":"switch","locations":[{"start":{"line":26,"column":27},"end":{"line":26,"column":null}}]},"1":{"loc":{"start":{"line":27,"column":4},"end":{"line":29,"column":null}},"type":"if","locations":[{"start":{"line":27,"column":4},"end":{"line":29,"column":null}},{"start":{"line":27,"column":4},"end":{"line":29,"column":null}}]}},"s":{"0":0,"1":0,"2":0,"3":0,"4":0,"5":0,"6":0,"7":0,"8":0,"9":0,"10":0,"11":0,"12":0,"13":0,"14":0,"15":0,"16":0,"17":0,"18":0,"19":0,"20":0},"f":{"0":0,"1":0,"2":0},"b":{"0":[0],"1":[0,0]}}
,"C:\\dev\\projetos\\goStack\\nivel_04\\back-end-gobarber\\src\\modules\\users\\services\\SendForgotPasswordEmailService.ts": {"path":"C:\\dev\\projetos\\goStack\\nivel_04\\back-end-gobarber\\src\\modules\\users\\services\\SendForgotPasswordEmailService.ts","statementMap":{"0":{"start":{"line":2,"column":0},"end":{"line":2,"column":47}},"1":{"start":{"line":4,"column":0},"end":{"line":4,"column":46}},"2":{"start":{"line":13,"column":0},"end":{"line":13,"column":6}},"3":{"start":{"line":17,"column":12},"end":{"line":17,"column":44}},"4":{"start":{"line":20,"column":12},"end":{"line":20,"column":39}},"5":{"start":{"line":23,"column":12},"end":{"line":23,"column":53}},"6":{"start":{"line":27,"column":15},"end":{"line":38,"column":null}},"7":{"start":{"line":27,"column":25},"end":{"line":27,"column":30}},"8":{"start":{"line":29,"column":22},"end":{"line":29,"column":null}},"9":{"start":{"line":29,"column":10},"end":{"line":29,"column":null}},"10":{"start":{"line":31,"column":4},"end":{"line":33,"column":null}},"11":{"start":{"line":32,"column":6},"end":{"line":32,"column":48}},"12":{"start":{"line":35,"column":4},"end":{"line":35,"column":58}},"13":{"start":{"line":37,"column":4},"end":{"line":37,"column":96}},"14":{"start":{"line":13,"column":6},"end":{"line":40,"column":null}},"15":{"start":{"line":40,"column":0},"end":{"line":40,"column":null}},"16":{"start":{"line":42,"column":0},"end":{"line":42,"column":46}}},"fnMap":{"0":{"name":"(anonymous_18)","decl":{"start":{"line":13,"column":0},"end":{"line":13,"column":6}},"loc":{"start":{"line":13,"column":0},"end":{"line":13,"column":6}}},"1":{"name":"SendForgotPasswordEmailService","decl":{"start":{"line":15,"column":2},"end":{"line":15,"column":null}},"loc":{"start":{"line":23,"column":53},"end":{"line":25,"column":7}}},"2":{"name":"(anonymous_20)","decl":{"start":{"line":27,"column":2},"end":{"line":27,"column":15}},"loc":{"start":{"line":27,"column":42},"end":{"line":38,"column":null}}}},"branchMap":{"0":{"loc":{"start":{"line":29,"column":22},"end":{"line":29,"column":null}},"type":"switch","locations":[{"start":{"line":29,"column":22},"end":{"line":29,"column":null}}]},"1":{"loc":{"start":{"line":31,"column":4},"end":{"line":33,"column":null}},"type":"if","locations":[{"start":{"line":31,"column":4},"end":{"line":33,"column":null}},{"start":{"line":31,"column":4},"end":{"line":33,"column":null}}]}},"s":{"0":1,"1":1,"2":1,"3":3,"4":3,"5":3,"6":1,"7":3,"8":3,"9":3,"10":3,"11":1,"12":4,"13":2,"14":1,"15":1,"16":1},"f":{"0":1,"1":3,"2":3},"b":{"0":[3],"1":[1,2]}}
,"C:\\dev\\projetos\\goStack\\nivel_04\\back-end-gobarber\\src\\modules\\users\\services\\UpdateUserAvatarService.ts": {"path":"C:\\dev\\projetos\\goStack\\nivel_04\\back-end-gobarber\\src\\modules\\users\\services\\UpdateUserAvatarService.ts","statementMap":{"0":{"start":{"line":6,"column":0},"end":{"line":6,"column":47}},"1":{"start":{"line":8,"column":0},"end":{"line":8,"column":46}},"2":{"start":{"line":18,"column":0},"end":{"line":18,"column":6}},"3":{"start":{"line":22,"column":12},"end":{"line":22,"column":44}},"4":{"start":{"line":25,"column":12},"end":{"line":25,"column":45}},"5":{"start":{"line":28,"column":15},"end":{"line":49,"column":null}},"6":{"start":{"line":28,"column":25},"end":{"line":28,"column":32}},"7":{"start":{"line":28,"column":34},"end":{"line":28,"column":48}},"8":{"start":{"line":32,"column":17},"end":{"line":32,"column":null}},"9":{"start":{"line":32,"column":10},"end":{"line":32,"column":null}},"10":{"start":{"line":34,"column":4},"end":{"line":36,"column":null}},"11":{"start":{"line":35,"column":6},"end":{"line":35,"column":76}},"12":{"start":{"line":38,"column":4},"end":{"line":40,"column":null}},"13":{"start":{"line":39,"column":6},"end":{"line":39,"column":51}},"14":{"start":{"line":42,"column":21},"end":{"line":42,"column":null}},"15":{"start":{"line":42,"column":10},"end":{"line":42,"column":null}},"16":{"start":{"line":44,"column":4},"end":{"line":44,"column":27}},"17":{"start":{"line":45,"column":4},"end":{"line":45,"column":42}},"18":{"start":{"line":47,"column":4},"end":{"line":47,"column":16}},"19":{"start":{"line":18,"column":6},"end":{"line":50,"column":null}},"20":{"start":{"line":50,"column":0},"end":{"line":50,"column":null}},"21":{"start":{"line":52,"column":0},"end":{"line":52,"column":39}}},"fnMap":{"0":{"name":"(anonymous_18)","decl":{"start":{"line":18,"column":0},"end":{"line":18,"column":6}},"loc":{"start":{"line":18,"column":0},"end":{"line":18,"column":6}}},"1":{"name":"UpdateUserAvatarService","decl":{"start":{"line":20,"column":2},"end":{"line":20,"column":null}},"loc":{"start":{"line":25,"column":45},"end":{"line":26,"column":7}}},"2":{"name":"(anonymous_20)","decl":{"start":{"line":28,"column":2},"end":{"line":28,"column":15}},"loc":{"start":{"line":28,"column":59},"end":{"line":49,"column":null}}}},"branchMap":{"0":{"loc":{"start":{"line":32,"column":17},"end":{"line":32,"column":null}},"type":"switch","locations":[{"start":{"line":32,"column":17},"end":{"line":32,"column":null}}]},"1":{"loc":{"start":{"line":34,"column":4},"end":{"line":36,"column":null}},"type":"if","locations":[{"start":{"line":34,"column":4},"end":{"line":36,"column":null}},{"start":{"line":34,"column":4},"end":{"line":36,"column":null}}]},"2":{"loc":{"start":{"line":38,"column":4},"end":{"line":40,"column":null}},"type":"if","locations":[{"start":{"line":38,"column":4},"end":{"line":40,"column":null}},{"start":{"line":38,"column":4},"end":{"line":40,"column":null}}]}},"s":{"0":0,"1":0,"2":0,"3":0,"4":0,"5":0,"6":0,"7":0,"8":0,"9":0,"10":0,"11":0,"12":0,"13":0,"14":0,"15":0,"16":0,"17":0,"18":0,"19":0,"20":0,"21":0},"f":{"0":0,"1":0,"2":0},"b":{"0":[0],"1":[0,0],"2":[0,0]}}
}
