{"C:\\dev\\projetos\\goStack\\nivel_04\\back-end-gobarber\\src\\modules\\appointments\\services\\CreateAppointmentService.ts": {"path":"C:\\dev\\projetos\\goStack\\nivel_04\\back-end-gobarber\\src\\modules\\appointments\\services\\CreateAppointmentService.ts","statementMap":{"0":{"start":{"line":1,"column":0},"end":{"line":1,"column":46}},"1":{"start":{"line":3,"column":0},"end":{"line":3,"column":109}},"2":{"start":{"line":4,"column":0},"end":{"line":4,"column":47}},"3":{"start":{"line":6,"column":0},"end":{"line":6,"column":39}},"4":{"start":{"line":15,"column":0},"end":{"line":15,"column":6}},"5":{"start":{"line":19,"column":12},"end":{"line":19,"column":59}},"6":{"start":{"line":22,"column":15},"end":{"line":34,"column":null}},"7":{"start":{"line":22,"column":25},"end":{"line":22,"column":29}},"8":{"start":{"line":22,"column":31},"end":{"line":22,"column":42}},"9":{"start":{"line":24,"column":10},"end":{"line":24,"column":46}},"10":{"start":{"line":25,"column":38},"end":{"line":25,"column":null}},"11":{"start":{"line":25,"column":10},"end":{"line":25,"column":null}},"12":{"start":{"line":27,"column":4},"end":{"line":29,"column":null}},"13":{"start":{"line":28,"column":6},"end":{"line":28,"column":63}},"14":{"start":{"line":31,"column":10},"end":{"line":31,"column":99}},"15":{"start":{"line":33,"column":4},"end":{"line":33,"column":23}},"16":{"start":{"line":15,"column":6},"end":{"line":36,"column":null}},"17":{"start":{"line":36,"column":0},"end":{"line":36,"column":null}},"18":{"start":{"line":38,"column":0},"end":{"line":38,"column":40}}},"fnMap":{"0":{"name":"(anonymous_18)","decl":{"start":{"line":15,"column":0},"end":{"line":15,"column":6}},"loc":{"start":{"line":15,"column":0},"end":{"line":15,"column":6}}},"1":{"name":"CreateAppointmentService","decl":{"start":{"line":17,"column":2},"end":{"line":17,"column":null}},"loc":{"start":{"line":19,"column":59},"end":{"line":20,"column":7}}},"2":{"name":"(anonymous_20)","decl":{"start":{"line":22,"column":2},"end":{"line":22,"column":15}},"loc":{"start":{"line":22,"column":54},"end":{"line":34,"column":null}}}},"branchMap":{"0":{"loc":{"start":{"line":27,"column":4},"end":{"line":29,"column":null}},"type":"if","locations":[{"start":{"line":27,"column":4},"end":{"line":29,"column":null}},{"start":{"line":27,"column":4},"end":{"line":29,"column":null}}]}},"s":{"0":1,"1":1,"2":1,"3":1,"4":1,"5":2,"6":1,"7":3,"8":3,"9":3,"10":3,"11":3,"12":3,"13":1,"14":2,"15":2,"16":1,"17":1,"18":1},"f":{"0":1,"1":2,"2":3},"b":{"0":[1,2]}}
,"C:\\dev\\projetos\\goStack\\nivel_04\\back-end-gobarber\\src\\modules\\users\\services\\AuthenticateSessionService.ts": {"path":"C:\\dev\\projetos\\goStack\\nivel_04\\back-end-gobarber\\src\\modules\\users\\services\\AuthenticateSessionService.ts","statementMap":{"0":{"start":{"line":3,"column":0},"end":{"line":3,"column":36}},"1":{"start":{"line":4,"column":0},"end":{"line":4,"column":38}},"2":{"start":{"line":5,"column":0},"end":{"line":5,"column":47}},"3":{"start":{"line":7,"column":0},"end":{"line":7,"column":46}},"4":{"start":{"line":8,"column":0},"end":{"line":8,"column":94}},"5":{"start":{"line":21,"column":0},"end":{"line":21,"column":6}},"6":{"start":{"line":25,"column":12},"end":{"line":25,"column":44}},"7":{"start":{"line":28,"column":12},"end":{"line":28,"column":26}},"8":{"start":{"line":31,"column":15},"end":{"line":58,"column":null}},"9":{"start":{"line":31,"column":25},"end":{"line":31,"column":30}},"10":{"start":{"line":31,"column":32},"end":{"line":31,"column":40}},"11":{"start":{"line":33,"column":17},"end":{"line":33,"column":null}},"12":{"start":{"line":33,"column":10},"end":{"line":33,"column":null}},"13":{"start":{"line":35,"column":4},"end":{"line":37,"column":null}},"14":{"start":{"line":36,"column":6},"end":{"line":36,"column":71}},"15":{"start":{"line":40,"column":28},"end":{"line":40,"column":null}},"16":{"start":{"line":40,"column":10},"end":{"line":40,"column":null}},"17":{"start":{"line":42,"column":4},"end":{"line":44,"column":null}},"18":{"start":{"line":43,"column":6},"end":{"line":43,"column":71}},"19":{"start":{"line":46,"column":10},"end":{"line":46,"column":34}},"20":{"start":{"line":48,"column":10},"end":{"line":51,"column":7}},"21":{"start":{"line":53,"column":4},"end":{"line":56,"column":null}},"22":{"start":{"line":21,"column":6},"end":{"line":59,"column":null}},"23":{"start":{"line":59,"column":0},"end":{"line":59,"column":null}},"24":{"start":{"line":61,"column":0},"end":{"line":61,"column":42}}},"fnMap":{"0":{"name":"(anonymous_18)","decl":{"start":{"line":21,"column":0},"end":{"line":21,"column":6}},"loc":{"start":{"line":21,"column":0},"end":{"line":21,"column":6}}},"1":{"name":"AuthenticateSessionService","decl":{"start":{"line":23,"column":2},"end":{"line":23,"column":null}},"loc":{"start":{"line":28,"column":44},"end":{"line":29,"column":7}}},"2":{"name":"(anonymous_20)","decl":{"start":{"line":31,"column":2},"end":{"line":31,"column":15}},"loc":{"start":{"line":31,"column":52},"end":{"line":58,"column":null}}}},"branchMap":{"0":{"loc":{"start":{"line":33,"column":17},"end":{"line":33,"column":null}},"type":"switch","locations":[{"start":{"line":33,"column":17},"end":{"line":33,"column":null}}]},"1":{"loc":{"start":{"line":35,"column":4},"end":{"line":37,"column":null}},"type":"if","locations":[{"start":{"line":35,"column":4},"end":{"line":37,"column":null}},{"start":{"line":35,"column":4},"end":{"line":37,"column":null}}]},"2":{"loc":{"start":{"line":42,"column":4},"end":{"line":44,"column":null}},"type":"if","locations":[{"start":{"line":42,"column":4},"end":{"line":44,"column":null}},{"start":{"line":42,"column":4},"end":{"line":44,"column":null}}]}},"s":{"0":1,"1":1,"2":1,"3":1,"4":1,"5":1,"6":3,"7":3,"8":1,"9":3,"10":3,"11":3,"12":3,"13":3,"14":1,"15":2,"16":2,"17":2,"18":1,"19":1,"20":1,"21":1,"22":1,"23":1,"24":1},"f":{"0":1,"1":3,"2":3},"b":{"0":[3],"1":[1,2],"2":[1,1]}}
,"C:\\dev\\projetos\\goStack\\nivel_04\\back-end-gobarber\\src\\modules\\users\\services\\CreateUserService.ts": {"path":"C:\\dev\\projetos\\goStack\\nivel_04\\back-end-gobarber\\src\\modules\\users\\services\\CreateUserService.ts","statementMap":{"0":{"start":{"line":2,"column":0},"end":{"line":2,"column":47}},"1":{"start":{"line":4,"column":0},"end":{"line":4,"column":46}},"2":{"start":{"line":14,"column":0},"end":{"line":14,"column":6}},"3":{"start":{"line":18,"column":12},"end":{"line":18,"column":44}},"4":{"start":{"line":21,"column":12},"end":{"line":21,"column":38}},"5":{"start":{"line":24,"column":15},"end":{"line":41,"column":null}},"6":{"start":{"line":24,"column":25},"end":{"line":24,"column":29}},"7":{"start":{"line":24,"column":31},"end":{"line":24,"column":36}},"8":{"start":{"line":24,"column":38},"end":{"line":24,"column":46}},"9":{"start":{"line":26,"column":27},"end":{"line":26,"column":null}},"10":{"start":{"line":26,"column":10},"end":{"line":26,"column":null}},"11":{"start":{"line":27,"column":4},"end":{"line":29,"column":null}},"12":{"start":{"line":28,"column":6},"end":{"line":28,"column":62}},"13":{"start":{"line":31,"column":27},"end":{"line":31,"column":null}},"14":{"start":{"line":31,"column":10},"end":{"line":31,"column":null}},"15":{"start":{"line":33,"column":17},"end":{"line":37,"column":null}},"16":{"start":{"line":33,"column":10},"end":{"line":37,"column":null}},"17":{"start":{"line":39,"column":4},"end":{"line":39,"column":16}},"18":{"start":{"line":14,"column":6},"end":{"line":43,"column":null}},"19":{"start":{"line":43,"column":0},"end":{"line":43,"column":null}},"20":{"start":{"line":45,"column":0},"end":{"line":45,"column":33}}},"fnMap":{"0":{"name":"(anonymous_18)","decl":{"start":{"line":14,"column":0},"end":{"line":14,"column":6}},"loc":{"start":{"line":14,"column":0},"end":{"line":14,"column":6}}},"1":{"name":"CreateUserService","decl":{"start":{"line":16,"column":2},"end":{"line":16,"column":null}},"loc":{"start":{"line":21,"column":38},"end":{"line":22,"column":7}}},"2":{"name":"(anonymous_20)","decl":{"start":{"line":24,"column":2},"end":{"line":24,"column":15}},"loc":{"start":{"line":24,"column":58},"end":{"line":41,"column":null}}}},"branchMap":{"0":{"loc":{"start":{"line":26,"column":27},"end":{"line":26,"column":null}},"type":"switch","locations":[{"start":{"line":26,"column":27},"end":{"line":26,"column":null}}]},"1":{"loc":{"start":{"line":27,"column":4},"end":{"line":29,"column":null}},"type":"if","locations":[{"start":{"line":27,"column":4},"end":{"line":29,"column":null}},{"start":{"line":27,"column":4},"end":{"line":29,"column":null}}]}},"s":{"0":2,"1":2,"2":2,"3":5,"4":5,"5":2,"6":6,"7":6,"8":6,"9":6,"10":6,"11":6,"12":1,"13":5,"14":5,"15":5,"16":5,"17":5,"18":2,"19":2,"20":2},"f":{"0":2,"1":5,"2":6},"b":{"0":[6],"1":[1,5]}}
,"C:\\dev\\projetos\\goStack\\nivel_04\\back-end-gobarber\\src\\modules\\users\\services\\ResetPasswordService.ts": {"path":"C:\\dev\\projetos\\goStack\\nivel_04\\back-end-gobarber\\src\\modules\\users\\services\\ResetPasswordService.ts","statementMap":{"0":{"start":{"line":1,"column":0},"end":{"line":1,"column":47}},"1":{"start":{"line":3,"column":0},"end":{"line":3,"column":46}},"2":{"start":{"line":7,"column":0},"end":{"line":7,"column":45}},"3":{"start":{"line":15,"column":0},"end":{"line":15,"column":6}},"4":{"start":{"line":19,"column":12},"end":{"line":19,"column":44}},"5":{"start":{"line":22,"column":12},"end":{"line":22,"column":53}},"6":{"start":{"line":25,"column":12},"end":{"line":25,"column":36}},"7":{"start":{"line":30,"column":15},"end":{"line":54,"column":null}},"8":{"start":{"line":30,"column":25},"end":{"line":30,"column":30}},"9":{"start":{"line":30,"column":32},"end":{"line":30,"column":40}},"10":{"start":{"line":32,"column":22},"end":{"line":32,"column":null}},"11":{"start":{"line":32,"column":10},"end":{"line":32,"column":null}},"12":{"start":{"line":34,"column":4},"end":{"line":36,"column":null}},"13":{"start":{"line":35,"column":6},"end":{"line":35,"column":56}},"14":{"start":{"line":38,"column":17},"end":{"line":38,"column":null}},"15":{"start":{"line":38,"column":10},"end":{"line":38,"column":null}},"16":{"start":{"line":40,"column":4},"end":{"line":42,"column":null}},"17":{"start":{"line":41,"column":6},"end":{"line":41,"column":49}},"18":{"start":{"line":44,"column":10},"end":{"line":44,"column":46}},"19":{"start":{"line":45,"column":10},"end":{"line":45,"column":50}},"20":{"start":{"line":47,"column":4},"end":{"line":49,"column":null}},"21":{"start":{"line":48,"column":6},"end":{"line":48,"column":47}},"22":{"start":{"line":51,"column":4},"end":{"line":51,"column":9}},"23":{"start":{"line":51,"column":20},"end":{"line":51,"column":64}},"24":{"start":{"line":51,"column":4},"end":{"line":51,"column":64}},"25":{"start":{"line":53,"column":4},"end":{"line":53,"column":42}},"26":{"start":{"line":15,"column":6},"end":{"line":56,"column":null}},"27":{"start":{"line":56,"column":0},"end":{"line":56,"column":null}},"28":{"start":{"line":58,"column":0},"end":{"line":58,"column":36}}},"fnMap":{"0":{"name":"(anonymous_18)","decl":{"start":{"line":15,"column":0},"end":{"line":15,"column":6}},"loc":{"start":{"line":15,"column":0},"end":{"line":15,"column":6}}},"1":{"name":"ResetPasswordService","decl":{"start":{"line":17,"column":2},"end":{"line":17,"column":null}},"loc":{"start":{"line":25,"column":36},"end":{"line":28,"column":7}}},"2":{"name":"(anonymous_20)","decl":{"start":{"line":30,"column":2},"end":{"line":30,"column":15}},"loc":{"start":{"line":30,"column":52},"end":{"line":54,"column":null}}}},"branchMap":{"0":{"loc":{"start":{"line":32,"column":22},"end":{"line":32,"column":null}},"type":"switch","locations":[{"start":{"line":32,"column":22},"end":{"line":32,"column":null}}]},"1":{"loc":{"start":{"line":34,"column":4},"end":{"line":36,"column":null}},"type":"if","locations":[{"start":{"line":34,"column":4},"end":{"line":36,"column":null}},{"start":{"line":34,"column":4},"end":{"line":36,"column":null}}]},"2":{"loc":{"start":{"line":40,"column":4},"end":{"line":42,"column":null}},"type":"if","locations":[{"start":{"line":40,"column":4},"end":{"line":42,"column":null}},{"start":{"line":40,"column":4},"end":{"line":42,"column":null}}]},"3":{"loc":{"start":{"line":47,"column":4},"end":{"line":49,"column":null}},"type":"if","locations":[{"start":{"line":47,"column":4},"end":{"line":49,"column":null}},{"start":{"line":47,"column":4},"end":{"line":49,"column":null}}]}},"s":{"0":1,"1":1,"2":1,"3":1,"4":4,"5":4,"6":4,"7":1,"8":4,"9":4,"10":4,"11":4,"12":4,"13":1,"14":3,"15":3,"16":3,"17":1,"18":2,"19":2,"20":2,"21":1,"22":1,"23":1,"24":1,"25":2,"26":1,"27":1,"28":1},"f":{"0":1,"1":4,"2":4},"b":{"0":[4],"1":[1,3],"2":[1,2],"3":[1,1]}}
,"C:\\dev\\projetos\\goStack\\nivel_04\\back-end-gobarber\\src\\modules\\users\\services\\SendForgotPasswordEmailService.ts": {"path":"C:\\dev\\projetos\\goStack\\nivel_04\\back-end-gobarber\\src\\modules\\users\\services\\SendForgotPasswordEmailService.ts","statementMap":{"0":{"start":{"line":2,"column":0},"end":{"line":2,"column":47}},"1":{"start":{"line":4,"column":0},"end":{"line":4,"column":46}},"2":{"start":{"line":8,"column":0},"end":{"line":8,"column":24}},"3":{"start":{"line":15,"column":0},"end":{"line":15,"column":6}},"4":{"start":{"line":19,"column":12},"end":{"line":19,"column":44}},"5":{"start":{"line":22,"column":12},"end":{"line":22,"column":39}},"6":{"start":{"line":25,"column":12},"end":{"line":25,"column":53}},"7":{"start":{"line":29,"column":15},"end":{"line":55,"column":null}},"8":{"start":{"line":29,"column":25},"end":{"line":29,"column":30}},"9":{"start":{"line":31,"column":17},"end":{"line":31,"column":null}},"10":{"start":{"line":31,"column":10},"end":{"line":31,"column":null}},"11":{"start":{"line":33,"column":4},"end":{"line":35,"column":null}},"12":{"start":{"line":34,"column":6},"end":{"line":34,"column":48}},"13":{"start":{"line":37,"column":22},"end":{"line":37,"column":null}},"14":{"start":{"line":37,"column":12},"end":{"line":37,"column":22}},"15":{"start":{"line":39,"column":10},"end":{"line":39,"column":98}},"16":{"start":{"line":41,"column":4},"end":{"line":54,"column":7}},"17":{"start":{"line":15,"column":6},"end":{"line":57,"column":null}},"18":{"start":{"line":57,"column":0},"end":{"line":57,"column":null}},"19":{"start":{"line":59,"column":0},"end":{"line":59,"column":46}}},"fnMap":{"0":{"name":"(anonymous_18)","decl":{"start":{"line":15,"column":0},"end":{"line":15,"column":6}},"loc":{"start":{"line":15,"column":0},"end":{"line":15,"column":6}}},"1":{"name":"SendForgotPasswordEmailService","decl":{"start":{"line":17,"column":2},"end":{"line":17,"column":null}},"loc":{"start":{"line":25,"column":53},"end":{"line":27,"column":7}}},"2":{"name":"(anonymous_20)","decl":{"start":{"line":29,"column":2},"end":{"line":29,"column":15}},"loc":{"start":{"line":29,"column":42},"end":{"line":55,"column":null}}}},"branchMap":{"0":{"loc":{"start":{"line":31,"column":17},"end":{"line":31,"column":null}},"type":"switch","locations":[{"start":{"line":31,"column":17},"end":{"line":31,"column":null}}]},"1":{"loc":{"start":{"line":33,"column":4},"end":{"line":35,"column":null}},"type":"if","locations":[{"start":{"line":33,"column":4},"end":{"line":35,"column":null}},{"start":{"line":33,"column":4},"end":{"line":35,"column":null}}]}},"s":{"0":1,"1":1,"2":1,"3":1,"4":3,"5":3,"6":3,"7":1,"8":3,"9":3,"10":3,"11":3,"12":1,"13":2,"14":2,"15":2,"16":4,"17":1,"18":1,"19":1},"f":{"0":1,"1":3,"2":3},"b":{"0":[3],"1":[1,2]}}
,"C:\\dev\\projetos\\goStack\\nivel_04\\back-end-gobarber\\src\\modules\\users\\services\\ShowProfileService.ts": {"path":"C:\\dev\\projetos\\goStack\\nivel_04\\back-end-gobarber\\src\\modules\\users\\services\\ShowProfileService.ts","statementMap":{"0":{"start":{"line":2,"column":0},"end":{"line":2,"column":47}},"1":{"start":{"line":4,"column":0},"end":{"line":4,"column":46}},"2":{"start":{"line":12,"column":0},"end":{"line":12,"column":6}},"3":{"start":{"line":16,"column":12},"end":{"line":16,"column":44}},"4":{"start":{"line":19,"column":15},"end":{"line":28,"column":null}},"5":{"start":{"line":19,"column":25},"end":{"line":19,"column":32}},"6":{"start":{"line":21,"column":17},"end":{"line":21,"column":null}},"7":{"start":{"line":21,"column":10},"end":{"line":21,"column":null}},"8":{"start":{"line":23,"column":4},"end":{"line":25,"column":null}},"9":{"start":{"line":24,"column":6},"end":{"line":24,"column":43}},"10":{"start":{"line":27,"column":4},"end":{"line":27,"column":16}},"11":{"start":{"line":12,"column":6},"end":{"line":29,"column":null}},"12":{"start":{"line":29,"column":0},"end":{"line":29,"column":null}},"13":{"start":{"line":31,"column":0},"end":{"line":31,"column":34}}},"fnMap":{"0":{"name":"(anonymous_18)","decl":{"start":{"line":12,"column":0},"end":{"line":12,"column":6}},"loc":{"start":{"line":12,"column":0},"end":{"line":12,"column":6}}},"1":{"name":"ShowProfileService","decl":{"start":{"line":14,"column":2},"end":{"line":14,"column":null}},"loc":{"start":{"line":16,"column":44},"end":{"line":17,"column":7}}},"2":{"name":"(anonymous_20)","decl":{"start":{"line":19,"column":2},"end":{"line":19,"column":15}},"loc":{"start":{"line":19,"column":43},"end":{"line":28,"column":null}}}},"branchMap":{"0":{"loc":{"start":{"line":21,"column":17},"end":{"line":21,"column":null}},"type":"switch","locations":[{"start":{"line":21,"column":17},"end":{"line":21,"column":null}}]},"1":{"loc":{"start":{"line":23,"column":4},"end":{"line":25,"column":null}},"type":"if","locations":[{"start":{"line":23,"column":4},"end":{"line":25,"column":null}},{"start":{"line":23,"column":4},"end":{"line":25,"column":null}}]}},"s":{"0":1,"1":1,"2":1,"3":2,"4":1,"5":2,"6":2,"7":2,"8":2,"9":1,"10":1,"11":1,"12":1,"13":1},"f":{"0":1,"1":2,"2":2},"b":{"0":[2],"1":[1,1]}}
,"C:\\dev\\projetos\\goStack\\nivel_04\\back-end-gobarber\\src\\modules\\users\\services\\UpdateProfileService.ts": {"path":"C:\\dev\\projetos\\goStack\\nivel_04\\back-end-gobarber\\src\\modules\\users\\services\\UpdateProfileService.ts","statementMap":{"0":{"start":{"line":5,"column":0},"end":{"line":5,"column":47}},"1":{"start":{"line":7,"column":0},"end":{"line":7,"column":46}},"2":{"start":{"line":21,"column":0},"end":{"line":21,"column":6}},"3":{"start":{"line":25,"column":12},"end":{"line":25,"column":44}},"4":{"start":{"line":28,"column":12},"end":{"line":28,"column":39}},"5":{"start":{"line":31,"column":15},"end":{"line":65,"column":null}},"6":{"start":{"line":31,"column":25},"end":{"line":31,"column":32}},"7":{"start":{"line":31,"column":34},"end":{"line":31,"column":38}},"8":{"start":{"line":31,"column":40},"end":{"line":31,"column":45}},"9":{"start":{"line":31,"column":47},"end":{"line":31,"column":55}},"10":{"start":{"line":31,"column":57},"end":{"line":31,"column":69}},"11":{"start":{"line":33,"column":17},"end":{"line":33,"column":null}},"12":{"start":{"line":33,"column":10},"end":{"line":33,"column":null}},"13":{"start":{"line":35,"column":32},"end":{"line":35,"column":null}},"14":{"start":{"line":35,"column":10},"end":{"line":35,"column":null}},"15":{"start":{"line":37,"column":4},"end":{"line":39,"column":null}},"16":{"start":{"line":38,"column":6},"end":{"line":38,"column":43}},"17":{"start":{"line":41,"column":4},"end":{"line":43,"column":null}},"18":{"start":{"line":42,"column":6},"end":{"line":42,"column":50}},"19":{"start":{"line":46,"column":4},"end":{"line":46,"column":21}},"20":{"start":{"line":47,"column":4},"end":{"line":47,"column":23}},"21":{"start":{"line":49,"column":4},"end":{"line":51,"column":null}},"22":{"start":{"line":50,"column":6},"end":{"line":50,"column":85}},"23":{"start":{"line":53,"column":8},"end":{"line":53,"column":16}},"24":{"start":{"line":54,"column":31},"end":{"line":54,"column":null}},"25":{"start":{"line":54,"column":12},"end":{"line":54,"column":null}},"26":{"start":{"line":56,"column":6},"end":{"line":58,"column":null}},"27":{"start":{"line":57,"column":8},"end":{"line":57,"column":58}},"28":{"start":{"line":61,"column":6},"end":{"line":61,"column":11}},"29":{"start":{"line":61,"column":33},"end":{"line":61,"column":80}},"30":{"start":{"line":61,"column":6},"end":{"line":61,"column":80}},"31":{"start":{"line":64,"column":4},"end":{"line":64,"column":43}},"32":{"start":{"line":21,"column":6},"end":{"line":66,"column":null}},"33":{"start":{"line":66,"column":0},"end":{"line":66,"column":null}},"34":{"start":{"line":68,"column":0},"end":{"line":68,"column":36}}},"fnMap":{"0":{"name":"(anonymous_18)","decl":{"start":{"line":21,"column":0},"end":{"line":21,"column":6}},"loc":{"start":{"line":21,"column":0},"end":{"line":21,"column":6}}},"1":{"name":"UpdateProfileService","decl":{"start":{"line":23,"column":2},"end":{"line":23,"column":null}},"loc":{"start":{"line":28,"column":39},"end":{"line":29,"column":7}}},"2":{"name":"(anonymous_20)","decl":{"start":{"line":31,"column":2},"end":{"line":31,"column":15}},"loc":{"start":{"line":31,"column":80},"end":{"line":65,"column":null}}}},"branchMap":{"0":{"loc":{"start":{"line":33,"column":17},"end":{"line":33,"column":null}},"type":"switch","locations":[{"start":{"line":33,"column":17},"end":{"line":33,"column":null}},{"start":{"line":64,"column":4},"end":{"line":64,"column":43}}]},"1":{"loc":{"start":{"line":37,"column":4},"end":{"line":39,"column":null}},"type":"if","locations":[{"start":{"line":37,"column":4},"end":{"line":39,"column":null}},{"start":{"line":37,"column":4},"end":{"line":39,"column":null}}]},"2":{"loc":{"start":{"line":41,"column":4},"end":{"line":43,"column":null}},"type":"if","locations":[{"start":{"line":41,"column":4},"end":{"line":43,"column":null}},{"start":{"line":41,"column":4},"end":{"line":43,"column":null}}]},"3":{"loc":{"start":{"line":41,"column":8},"end":{"line":41,"column":27}},"type":"binary-expr","locations":[{"start":{"line":41,"column":8},"end":{"line":41,"column":27}},{"start":{"line":41,"column":31},"end":{"line":41,"column":65}}]},"4":{"loc":{"start":{"line":49,"column":4},"end":{"line":51,"column":null}},"type":"if","locations":[{"start":{"line":49,"column":4},"end":{"line":51,"column":null}},{"start":{"line":49,"column":4},"end":{"line":51,"column":null}}]},"5":{"loc":{"start":{"line":49,"column":8},"end":{"line":49,"column":16}},"type":"binary-expr","locations":[{"start":{"line":49,"column":8},"end":{"line":49,"column":16}},{"start":{"line":49,"column":20},"end":{"line":49,"column":33}}]},"6":{"loc":{"start":{"line":53,"column":8},"end":{"line":53,"column":16}},"type":"if","locations":[{"start":{"line":53,"column":8},"end":{"line":53,"column":16}},{"start":{"line":53,"column":8},"end":{"line":53,"column":16}}]},"7":{"loc":{"start":{"line":53,"column":8},"end":{"line":53,"column":16}},"type":"binary-expr","locations":[{"start":{"line":53,"column":8},"end":{"line":53,"column":16}},{"start":{"line":53,"column":20},"end":{"line":53,"column":32}}]},"8":{"loc":{"start":{"line":56,"column":6},"end":{"line":58,"column":null}},"type":"if","locations":[{"start":{"line":56,"column":6},"end":{"line":58,"column":null}},{"start":{"line":56,"column":6},"end":{"line":58,"column":null}}]}},"s":{"0":1,"1":1,"2":1,"3":6,"4":6,"5":1,"6":6,"7":6,"8":6,"9":6,"10":6,"11":6,"12":6,"13":6,"14":6,"15":6,"16":1,"17":5,"18":1,"19":4,"20":4,"21":4,"22":1,"23":4,"24":2,"25":2,"26":2,"27":1,"28":1,"29":1,"30":1,"31":2,"32":1,"33":1,"34":1},"f":{"0":1,"1":6,"2":6},"b":{"0":[6,2],"1":[1,5],"2":[1,4],"3":[5,1],"4":[1,3],"5":[4,3],"6":[1,2],"7":[3,2],"8":[1,1]}}
,"C:\\dev\\projetos\\goStack\\nivel_04\\back-end-gobarber\\src\\modules\\users\\services\\UpdateUserAvatarService.ts": {"path":"C:\\dev\\projetos\\goStack\\nivel_04\\back-end-gobarber\\src\\modules\\users\\services\\UpdateUserAvatarService.ts","statementMap":{"0":{"start":{"line":6,"column":0},"end":{"line":6,"column":47}},"1":{"start":{"line":8,"column":0},"end":{"line":8,"column":46}},"2":{"start":{"line":18,"column":0},"end":{"line":18,"column":6}},"3":{"start":{"line":22,"column":12},"end":{"line":22,"column":44}},"4":{"start":{"line":25,"column":12},"end":{"line":25,"column":45}},"5":{"start":{"line":28,"column":15},"end":{"line":49,"column":null}},"6":{"start":{"line":28,"column":25},"end":{"line":28,"column":32}},"7":{"start":{"line":28,"column":34},"end":{"line":28,"column":48}},"8":{"start":{"line":32,"column":17},"end":{"line":32,"column":null}},"9":{"start":{"line":32,"column":10},"end":{"line":32,"column":null}},"10":{"start":{"line":34,"column":4},"end":{"line":36,"column":null}},"11":{"start":{"line":35,"column":6},"end":{"line":35,"column":76}},"12":{"start":{"line":38,"column":4},"end":{"line":40,"column":null}},"13":{"start":{"line":39,"column":6},"end":{"line":39,"column":51}},"14":{"start":{"line":42,"column":21},"end":{"line":42,"column":null}},"15":{"start":{"line":42,"column":10},"end":{"line":42,"column":null}},"16":{"start":{"line":44,"column":4},"end":{"line":44,"column":27}},"17":{"start":{"line":45,"column":4},"end":{"line":45,"column":42}},"18":{"start":{"line":47,"column":4},"end":{"line":47,"column":16}},"19":{"start":{"line":18,"column":6},"end":{"line":50,"column":null}},"20":{"start":{"line":50,"column":0},"end":{"line":50,"column":null}},"21":{"start":{"line":52,"column":0},"end":{"line":52,"column":39}}},"fnMap":{"0":{"name":"(anonymous_18)","decl":{"start":{"line":18,"column":0},"end":{"line":18,"column":6}},"loc":{"start":{"line":18,"column":0},"end":{"line":18,"column":6}}},"1":{"name":"UpdateUserAvatarService","decl":{"start":{"line":20,"column":2},"end":{"line":20,"column":null}},"loc":{"start":{"line":25,"column":45},"end":{"line":26,"column":7}}},"2":{"name":"(anonymous_20)","decl":{"start":{"line":28,"column":2},"end":{"line":28,"column":15}},"loc":{"start":{"line":28,"column":59},"end":{"line":49,"column":null}}}},"branchMap":{"0":{"loc":{"start":{"line":32,"column":17},"end":{"line":32,"column":null}},"type":"switch","locations":[{"start":{"line":32,"column":17},"end":{"line":32,"column":null}}]},"1":{"loc":{"start":{"line":34,"column":4},"end":{"line":36,"column":null}},"type":"if","locations":[{"start":{"line":34,"column":4},"end":{"line":36,"column":null}},{"start":{"line":34,"column":4},"end":{"line":36,"column":null}}]},"2":{"loc":{"start":{"line":38,"column":4},"end":{"line":40,"column":null}},"type":"if","locations":[{"start":{"line":38,"column":4},"end":{"line":40,"column":null}},{"start":{"line":38,"column":4},"end":{"line":40,"column":null}}]}},"s":{"0":1,"1":1,"2":1,"3":3,"4":3,"5":1,"6":4,"7":4,"8":4,"9":4,"10":4,"11":1,"12":3,"13":1,"14":3,"15":3,"16":3,"17":6,"18":3,"19":1,"20":1,"21":1},"f":{"0":1,"1":3,"2":4},"b":{"0":[4],"1":[1,3],"2":[1,2]}}
}
